<?xml version="1.0" encoding="UTF-8"?>
<!-- Generated by org.testng.reporters.JUnitXMLReporter -->
<testsuite ignored="0" hostname="DESKTOP-A57KNHU" failures="1" tests="1" name="Test" time="8.509" errors="0" timestamp="2026-02-28T12:05:12 IST">
  <testcase classname="com.AutomationDemoProject.testcase.TestCase" name="login" time="4.3">
    <failure type="java.lang.AssertionError" message="expected [Logged In Successfully | Practice Test Automatio] but found [Logged In Successfully | Practice Test Automation]">
      <![CDATA[java.lang.AssertionError: expected [Logged In Successfully | Practice Test Automatio] but found [Logged In Successfully | Practice Test Automation]
at com.AutomationDemoProject.testcase.TestCase.login(TestCase.java:23)
at java.base/java.util.ArrayList.forEach(ArrayList.java:1596)
... Removed 31 stack frames]]>
    </failure>
  </testcase> <!-- login -->
</testsuite> <!-- Test -->
